0 info it worked if it ends with ok
1 verbose cli [ 'node', '/usr/local/bin/npm', 'link', 'http' ]
2 info using npm@1.3.21
3 info using node@v0.10.24
4 verbose install where,what [ '/usr/local/lib', [ 'http' ] ]
5 verbose cache add [ 'http', null ]
6 verbose cache add name=undefined spec="http" args=["http",null]
7 verbose parsed url { protocol: null,
7 verbose parsed url   slashes: null,
7 verbose parsed url   auth: null,
7 verbose parsed url   host: null,
7 verbose parsed url   port: null,
7 verbose parsed url   hostname: null,
7 verbose parsed url   hash: null,
7 verbose parsed url   search: null,
7 verbose parsed url   query: null,
7 verbose parsed url   pathname: 'http',
7 verbose parsed url   path: 'http',
7 verbose parsed url   href: 'http' }
8 silly lockFile 77b5f8e3-http http
9 verbose lock http /Users/vali/.npm/77b5f8e3-http.lock
10 silly lockFile 77b5f8e3-http http
11 silly lockFile 77b5f8e3-http http
12 verbose addNamed [ 'http', '' ]
13 verbose addNamed [ null, '*' ]
14 silly lockFile c1086ff9-http http@
15 verbose lock http@ /Users/vali/.npm/c1086ff9-http.lock
16 silly addNameRange { name: 'http', range: '*', hasData: false }
17 verbose url raw http
18 verbose url resolving [ 'https://registry.npmjs.org/', './http' ]
19 verbose url resolved https://registry.npmjs.org/http
20 info trying registry request attempt 1 at 00:28:41
21 http GET https://registry.npmjs.org/http
22 http 404 https://registry.npmjs.org/http
23 silly registry.get cb [ 404,
23 silly registry.get   { date: 'Wed, 08 Jan 2014 22:28:41 GMT',
23 silly registry.get     server: 'CouchDB/1.5.0 (Erlang OTP/R15B03)',
23 silly registry.get     'content-type': 'application/json',
23 silly registry.get     'cache-control': 'max-age=0',
23 silly registry.get     'content-length': '52',
23 silly registry.get     'accept-ranges': 'bytes',
23 silly registry.get     via: '1.1 varnish',
23 silly registry.get     age: '0',
23 silly registry.get     'x-served-by': 'cache-fra1222-FRA',
23 silly registry.get     'x-cache': 'MISS',
23 silly registry.get     'x-cache-hits': '0',
23 silly registry.get     'x-timer': 'S1389220121.855571270,VS0,VE132',
23 silly registry.get     'keep-alive': 'timeout=10, max=50',
23 silly registry.get     connection: 'Keep-Alive' } ]
24 silly lockFile c1086ff9-http http@
25 silly lockFile c1086ff9-http http@
26 error 404 'http' is not in the npm registry.
26 error 404 You should bug the author to publish it
26 error 404
26 error 404 Note that you can also install from a
26 error 404 tarball, folder, or http url, or git url.
27 error System Darwin 13.0.2
28 error command "node" "/usr/local/bin/npm" "link" "http"
29 error cwd /Users/vali/workspace/chatrooms
30 error node -v v0.10.24
31 error npm -v 1.3.21
32 error code E404
33 verbose exit [ 1, true ]
